#
# A fatal error has been detected by the Java Runtime Environment:
#
#  EXCEPTION_ACCESS_VIOLATION (0xc0000005) at pc=0x000000006a6e8845, pid=5988, tid=4600
#
# JRE version: Java(TM) SE Runtime Environment (8.0_60-b27) (build 1.8.0_60-b27)
# Java VM: Java HotSpot(TM) 64-Bit Server VM (25.60-b23 mixed mode windows-amd64 compressed oops)
# Problematic frame:
# V  [jvm.dll+0x128845]
#
# Failed to write core dump. Minidumps are not enabled by default on client versions of Windows
#
# If you would like to submit a bug report, please visit:
#   http://bugreport.java.com/bugreport/crash.jsp
#

---------------  T H R E A D  ---------------

Current thread (0x00000000575df800):  JavaThread "JDWP Transport Listener: dt_socket" daemon [_thread_in_vm, id=4600, stack(0x0000000059580000,0x0000000059680000)]

siginfo: ExceptionCode=0xc0000005, reading address 0x00003a0100000000

Registers:
RAX=0x000000005967f701, RBX=0x00000000575df800, RCX=0x00003a0100000000, RDX=0x0000000000000000
RSP=0x000000005967f730, RBP=0x00003a0100000000, RSI=0x000000005967f848, RDI=0x0000000001d292e0
R8 =0x00000000575df800, R9 =0x000000000000ff00, R10=0x0000000000000000, R11=0x616c3256002c0068
R12=0x0000000000000000, R13=0x0000000058d037f8, R14=0x0000000000000000, R15=0x0000000000000000
RIP=0x000000006a6e8845, EFLAGS=0x0000000000010206

Top of Stack: (sp=0x000000005967f730)
0x000000005967f730:   00000000575df800 00000000575df800
0x000000005967f740:   000000005967f7f8 000000006a8ee18b
0x000000005967f750:   00000000575df800 000000006a90a9ed
0x000000005967f760:   0000000000000000 00000000627a9155
0x000000005967f770:   0000000058dd4ec0 00000000627b291e
0x000000005967f780:   00000000575df800 0000000000000000
0x000000005967f790:   0000000000000000 0000000000000000
0x000000005967f7a0:   00003a0100000000 00000000627b1a15
0x000000005967f7b0:   000000005967f848 000000005967f820
0x000000005967f7c0:   0000000000000001 0000000058dd4ec0
0x000000005967f7d0:   00003a0100000000 00000000627953b3
0x000000005967f7e0:   000000005967f910 0000000000000001
0x000000005967f7f0:   0000000000000001 0000000058dd4ec0
0x000000005967f800:   00000000f000100a 0000000000000000
0x000000005967f810:   0000000000000000 0000000000000000
0x000000005967f820:   0000000000000001 0000000062795571 

Instructions: (pc=0x000000006a6e8845)
0x000000006a6e8825:   cc cc cc cc cc cc cc cc cc cc cc 48 83 ec 28 48
0x000000006a6e8835:   85 c9 75 07 33 c0 48 83 c4 28 c3 48 89 5c 24 20
0x000000006a6e8845:   48 8b 19 48 85 db 74 20 48 83 fb 37 74 1a 48 8b
0x000000006a6e8855:   13 48 8b cb ff 52 10 84 c0 74 0d 48 8b c3 48 8b 


Register to memory mapping:

RAX=0x000000005967f701 is pointing into the stack for thread: 0x00000000575df800
RBX=0x00000000575df800 is a thread
RCX=0x00003a0100000000 is an unknown value
RDX=0x0000000000000000 is an unknown value
RSP=0x000000005967f730 is pointing into the stack for thread: 0x00000000575df800
RBP=0x00003a0100000000 is an unknown value
RSI=0x000000005967f848 is pointing into the stack for thread: 0x00000000575df800
RDI=0x0000000001d292e0 is an unknown value
R8 =0x00000000575df800 is a thread
R9 =0x000000000000ff00 is an unknown value
R10=0x0000000000000000 is an unknown value
R11=0x616c3256002c0068 is an unknown value
R12=0x0000000000000000 is an unknown value
R13=0x0000000058d037f8 is an unknown value
R14=0x0000000000000000 is an unknown value
R15=0x0000000000000000 is an unknown value


Stack: [0x0000000059580000,0x0000000059680000],  sp=0x000000005967f730,  free space=1021k
Native frames: (J=compiled Java code, j=interpreted, Vv=VM code, C=native code)
V  [jvm.dll+0x128845]
V  [jvm.dll+0x34a9ed]
C  [jdwp.dll+0x21a15]
C  [jdwp.dll+0x53b3]
C  [jdwp.dll+0x5571]
C  [jdwp.dll+0xf0a8]
C  [jdwp.dll+0x1f2d5]
C  [jdwp.dll+0x1f4aa]
V  [jvm.dll+0x1bb8e8]
V  [jvm.dll+0x243134]
V  [jvm.dll+0x299f6a]
C  [msvcr100.dll+0x21d9f]
C  [msvcr100.dll+0x21e3b]
C  [kernel32.dll+0x15a4d]
C  [ntdll.dll+0x2b831]


---------------  P R O C E S S  ---------------

Java Threads: ( => current thread )
  0x0000000058d8a000 JavaThread "Service Thread" daemon [_thread_blocked, id=4076, stack(0x0000000059e10000,0x0000000059f10000)]
  0x0000000058d29000 JavaThread "C1 CompilerThread2" daemon [_thread_blocked, id=3084, stack(0x0000000059c30000,0x0000000059d30000)]
  0x0000000058d28800 JavaThread "C2 CompilerThread1" daemon [_thread_blocked, id=5884, stack(0x0000000059410000,0x0000000059510000)]
  0x0000000058d24000 JavaThread "C2 CompilerThread0" daemon [_thread_blocked, id=5572, stack(0x00000000599e0000,0x0000000059ae0000)]
  0x0000000058d10000 JavaThread "JDWP Command Reader" daemon [_thread_in_native, id=5176, stack(0x0000000059850000,0x0000000059950000)]
  0x0000000058d0e800 JavaThread "JDWP Event Helper Thread" daemon [_thread_blocked, id=5824, stack(0x00000000596e0000,0x00000000597e0000)]
=>0x00000000575df800 JavaThread "JDWP Transport Listener: dt_socket" daemon [_thread_in_vm, id=4600, stack(0x0000000059580000,0x0000000059680000)]
  0x00000000575dc800 JavaThread "Attach Listener" daemon [_thread_blocked, id=2296, stack(0x0000000058c00000,0x0000000058d00000)]
  0x00000000575d9000 JavaThread "Signal Dispatcher" daemon [_thread_blocked, id=5728, stack(0x0000000058980000,0x0000000058a80000)]
  0x0000000057579800 JavaThread "Finalizer" daemon [_thread_blocked, id=3496, stack(0x0000000058760000,0x0000000058860000)]
  0x0000000057572800 JavaThread "Reference Handler" daemon [_thread_blocked, id=4336, stack(0x0000000058530000,0x0000000058630000)]
  0x0000000002208000 JavaThread "main" [_thread_blocked, id=4976, stack(0x00000000023f0000,0x00000000024f0000)]

Other Threads:
  0x000000005756f800 VMThread [stack: 0x0000000058630000,0x0000000058730000] [id=6032]
  0x0000000058dc1800 WatcherThread [stack: 0x0000000058aa0000,0x0000000058ba0000] [id=4908]

VM state:not at safepoint (normal execution)

VM Mutex/Monitor currently owned by a thread: None

Heap:
 PSYoungGen      total 38400K, used 3993K [0x00000000d5c00000, 0x00000000d8680000, 0x0000000100000000)
  eden space 33280K, 12% used [0x00000000d5c00000,0x00000000d5fe67b8,0x00000000d7c80000)
  from space 5120K, 0% used [0x00000000d8180000,0x00000000d8180000,0x00000000d8680000)
  to   space 5120K, 0% used [0x00000000d7c80000,0x00000000d7c80000,0x00000000d8180000)
 ParOldGen       total 87552K, used 0K [0x0000000081400000, 0x0000000086980000, 0x00000000d5c00000)
  object space 87552K, 0% used [0x0000000081400000,0x0000000081400000,0x0000000086980000)
 Metaspace       used 3603K, capacity 4710K, committed 4864K, reserved 1056768K
  class space    used 423K, capacity 465K, committed 512K, reserved 1048576K

Card table byte_map: [0x0000000011b80000,0x0000000011f80000] byte_map_base: 0x0000000011776000

Marking Bits: (ParMarkBitMap*) 0x000000006adca5b0
 Begin Bits: [0x0000000012880000, 0x0000000014830000)
 End Bits:   [0x0000000014830000, 0x00000000167e0000)

Polling page: 0x0000000000120000

CodeCache: size=245760Kb used=1120Kb max_used=1120Kb free=244639Kb
 bounds [0x00000000027c0000, 0x0000000002a30000, 0x00000000117c0000]
 total_blobs=314 nmethods=68 adapters=168
 compilation: enabled

Compilation events (10 events):
Event: 0.170 Thread 0x0000000058d29000   16       3       java.lang.StringBuilder::append (8 bytes)
Event: 0.171 Thread 0x0000000058d29000 nmethod 16 0x00000000028cecd0 code [0x00000000028cee40, 0x00000000028cf1a8]
Event: 0.171 Thread 0x0000000058d29000   19  s    3       java.lang.StringBuffer::append (13 bytes)
Event: 0.171 Thread 0x0000000058d29000 nmethod 19 0x00000000028cf390 code [0x00000000028cf520, 0x00000000028cfa08]
Event: 0.171 Thread 0x0000000058d28800   20       4       java.lang.String::charAt (29 bytes)
Event: 0.173 Thread 0x0000000058d28800 nmethod 20 0x00000000028d2d50 code [0x00000000028d2ea0, 0x00000000028d2f78]
Event: 0.178 Thread 0x0000000058d29000   21       3       java.lang.System::getSecurityManager (4 bytes)
Event: 0.178 Thread 0x0000000058d29000 nmethod 21 0x00000000028d2250 code [0x00000000028d23a0, 0x00000000028d24d0]
Event: 0.189 Thread 0x0000000058d29000   22       3       java.lang.StringBuilder::append (8 bytes)
Event: 0.189 Thread 0x0000000058d29000 nmethod 22 0x00000000028d1e90 code [0x00000000028d2000, 0x00000000028d21a8]

GC Heap History (0 events):
No events

Deoptimization events (0 events):
No events

Internal exceptions (4 events):
Event: 0.039 Thread 0x0000000002208000 Exception <a 'java/lang/NoSuchMethodError': Method sun.misc.Unsafe.defineClass(Ljava/lang/String;[BII)Ljava/lang/Class; name or signature does not match> (0x00000000d5c0d6e8) thrown at [C:\re\workspace\8-2-build-windows-amd64-cygwin\jdk8u60\4407\hotspot\srC&Ê¤?
Event: 0.039 Thread 0x0000000002208000 Exception <a 'java/lang/NoSuchMethodError': Method sun.misc.Unsafe.prefetchRead(Ljava/lang/Object;J)V name or signature does not match> (0x00000000d5c0d9d0) thrown at [C:\re\workspace\8-2-build-windows-amd64-cygwin\jdk8u60\4407\hotspot\src\share\vm\prims\jtú!º{)@
Event: 12.742 Thread 0x0000000002208000 Exception <a 'java/lang/NoSuchFieldError': method resolution failed> (0x00000000d5f344b8) thrown at [C:\re\workspace\8-2-build-windows-amd64-cygwin\jdk8u60\4407\hotspot\src\share\vm\prims\methodHandles.cpp, line 1146]
Event: 12.763 Thread 0x0000000002208000 Exception <a 'java/lang/NoSuchFieldError': method resolution failed> (0x00000000d5f418f8) thrown at [C:\re\workspace\8-2-build-windows-amd64-cygwin\jdk8u60\4407\hotspot\src\share\vm\prims\methodHandles.cpp, line 1146]

Events (10 events):
Event: 60.455 Executing VM operation: GetCurrentLocation
Event: 60.455 Executing VM operation: GetCurrentLocation done
Event: 60.455 Executing VM operation: EnterInterpOnlyMode
Event: 60.455 Executing VM operation: EnterInterpOnlyMode done
Event: 60.455 Executing VM operation: ChangeSingleStep
Event: 60.455 Executing VM operation: ChangeSingleStep done
Event: 60.456 Executing VM operation: ChangeSingleStep
Event: 60.456 Executing VM operation: ChangeSingleStep done
Event: 60.460 Executing VM operation: RedefineClasses
Event: 60.460 Executing VM operation: RedefineClasses done


Dynamic libraries:
0x000000013fe30000 - 0x000000013fe67000 	C:\Program Files\Java\jre1.8.0_60\bin\javaw.exe
0x0000000077610000 - 0x00000000777b9000 	C:\Windows\SYSTEM32\ntdll.dll
0x00000000774f0000 - 0x000000007760f000 	C:\Windows\system32\kernel32.dll
0x000007fefd4a0000 - 0x000007fefd50c000 	C:\Windows\system32\KERNELBASE.dll
0x000007fefeaf0000 - 0x000007fefebcb000 	C:\Windows\system32\ADVAPI32.dll
0x000007fefe7a0000 - 0x000007fefe83f000 	C:\Windows\system32\msvcrt.dll
0x000007fefef80000 - 0x000007fefef9f000 	C:\Windows\SYSTEM32\sechost.dll
0x000007feff3d0000 - 0x000007feff4fd000 	C:\Windows\system32\RPCRT4.dll
0x00000000773f0000 - 0x00000000774ea000 	C:\Windows\system32\USER32.dll
0x000007feff760000 - 0x000007feff7c7000 	C:\Windows\system32\GDI32.dll
0x000007fefefa0000 - 0x000007fefefae000 	C:\Windows\system32\LPK.dll
0x000007fefebd0000 - 0x000007fefec99000 	C:\Windows\system32\USP10.dll
0x000007fefb820000 - 0x000007fefba14000 	C:\Windows\WinSxS\amd64_microsoft.windows.common-controls_6595b64144ccf1df_6.0.7601.18837_none_fa3b1e3d17594757\COMCTL32.dll
0x000007fefefb0000 - 0x000007feff021000 	C:\Windows\system32\SHLWAPI.dll
0x000007fefeac0000 - 0x000007fefeaee000 	C:\Windows\system32\IMM32.DLL
0x000007fefd820000 - 0x000007fefd929000 	C:\Windows\system32\MSCTF.dll
0x00000000682a0000 - 0x0000000068372000 	C:\Program Files\Java\jre1.8.0_60\bin\msvcr100.dll
0x000000006a5c0000 - 0x000000006ae49000 	C:\Program Files\Java\jre1.8.0_60\bin\server\jvm.dll
0x000007fef5ba0000 - 0x000007fef5ba9000 	C:\Windows\system32\WSOCK32.dll
0x000007feff8d0000 - 0x000007feff91d000 	C:\Windows\system32\WS2_32.dll
0x000007fefef70000 - 0x000007fefef78000 	C:\Windows\system32\NSI.dll
0x000007fefab10000 - 0x000007fefab4b000 	C:\Windows\system32\WINMM.dll
0x000007fefc4b0000 - 0x000007fefc4bc000 	C:\Windows\system32\VERSION.dll
0x00000000777e0000 - 0x00000000777e7000 	C:\Windows\system32\PSAPI.DLL
0x0000000074fc0000 - 0x0000000074fcf000 	C:\Program Files\Java\jre1.8.0_60\bin\verify.dll
0x0000000074ed0000 - 0x0000000074ef9000 	C:\Program Files\Java\jre1.8.0_60\bin\java.dll
0x0000000062790000 - 0x00000000627c5000 	C:\Program Files\Java\jre1.8.0_60\bin\jdwp.dll
0x000000006bad0000 - 0x000000006bad8000 	C:\Program Files\Java\jre1.8.0_60\bin\npt.dll
0x0000000074f10000 - 0x0000000074f26000 	C:\Program Files\Java\jre1.8.0_60\bin\zip.dll
0x000007fefd930000 - 0x000007fefe6b9000 	C:\Windows\system32\SHELL32.dll
0x000007feff1c0000 - 0x000007feff3c3000 	C:\Windows\system32\ole32.dll
0x000007fefd3c0000 - 0x000007fefd3cf000 	C:\Windows\system32\profapi.dll
0x0000000070300000 - 0x0000000070309000 	C:\Program Files\Java\jre1.8.0_60\bin\dt_socket.dll
0x000007fefb1b0000 - 0x000007fefb1c5000 	C:\Windows\system32\NLAapi.dll
0x000007fef6330000 - 0x000007fef6345000 	C:\Windows\system32\napinsp.dll
0x000007fef6310000 - 0x000007fef6329000 	C:\Windows\system32\pnrpnsp.dll
0x000007fefcb60000 - 0x000007fefcbb5000 	C:\Windows\System32\mswsock.dll
0x000007fefc9e0000 - 0x000007fefca3b000 	C:\Windows\system32\DNSAPI.dll
0x000007fef6300000 - 0x000007fef630b000 	C:\Windows\System32\winrnr.dll
0x000007fefae70000 - 0x000007fefae97000 	C:\Windows\system32\IPHLPAPI.DLL
0x000007fefae60000 - 0x000007fefae6b000 	C:\Windows\system32\WINNSI.DLL
0x000007fefad20000 - 0x000007fefad73000 	C:\Windows\System32\fwpuclnt.dll
0x000007fef83e0000 - 0x000007fef83e8000 	C:\Windows\system32\rasadhlp.dll
0x000007fefc580000 - 0x000007fefc587000 	C:\Windows\System32\wshtcpip.dll
0x000007fefbd10000 - 0x000007fefbe35000 	C:\Windows\system32\dbghelp.dll

VM Arguments:
jvm_args: -agentlib:jdwp=transport=dt_socket,suspend=y,address=localhost:53624 -Dfile.encoding=UTF-8 
java_command: jdk8.testStream
java_class_path (initial): D:\Bach.Le\Project\jdk8_example\jdk8\bin;C:\Users\livepass\Desktop\test_business_card\jar\commons-codec-1.7.jar\commons-codec-1.7.jar;C:\Users\livepass\Desktop\IBS\library\opencsv-2.2.jar\opencsv-2.2.jar;C:\Users\livepass\Desktop\IBS\library\super-csv-2.0.0.jar\super-csv-2.0.0.jar
Launcher Type: SUN_STANDARD

Environment Variables:
JAVA_HOME=C:\Program Files\Java\jdk1.8.0_60
PATH=C:/Program Files/Java/jre1.8.0_60/bin/server;C:/Program Files/Java/jre1.8.0_60/bin;C:/Program Files/Java/jre1.8.0_60/lib/amd64;C:\ProgramData\Oracle\Java\javapath;C:\Program Files (x86)\Intel\iCLS Client\;C:\Program Files\Intel\iCLS Client\;C:\Windows\system32;C:\Windows;C:\Windows\System32\Wbem;C:\Windows\System32\WindowsPowerShell\v1.0\;C:\Program Files\Intel\Intel(R) Management Engine Components\DAL;C:\Program Files\Intel\Intel(R) Management Engine Components\IPT;C:\Program Files (x86)\Intel\Intel(R) Management Engine Components\DAL;C:\Program Files (x86)\Intel\Intel(R) Management Engine Components\IPT;C:\Program Files (x86)\Skype\Phone\;C:\apache-maven-3.3.3\bin;C:\Program Files\SourceGear\Common\DiffMerge\;D:\Bach.Le\soft\eclipse-jee-mars-R-win32-x86_64\eclipse;
USERNAME=livepass
OS=Windows_NT
PROCESSOR_IDENTIFIER=Intel64 Family 6 Model 60 Stepping 3, GenuineIntel



---------------  S Y S T E M  ---------------

OS: Windows 7 , 64 bit Build 7601 (6.1.7601.18939)

CPU:total 4 (2 cores per cpu, 2 threads per core) family 6 model 60 stepping 3, cmov, cx8, fxsr, mmx, sse, sse2, sse3, ssse3, sse4.1, sse4.2, popcnt, avx, avx2, aes, clmul, erms, lzcnt, ht, tsc, tscinvbit, bmi1, bmi2

Memory: 4k page, physical 8303560k(3587676k free), swap 16605280k(10511280k free)

vm_info: Java HotSpot(TM) 64-Bit Server VM (25.60-b23) for windows-amd64 JRE (1.8.0_60-b27), built on Aug  4 2015 11:06:27 by "java_re" with MS VC++ 10.0 (VS2010)

time: Tue Oct 20 16:25:17 2015
elapsed time: 60 seconds (0d 0h 1m 0s)

